2025-07-30 08:00:01,123 INFO [auth-service] Application starting up
2025-07-30 08:00:01,234 INFO [api-gateway] Gateway initialized on port 8080
2025-07-30 08:00:01,345 INFO [user-service] Database connection pool created
2025-07-30 08:00:01,456 INFO [payment-service] Payment processor initialized
2025-07-30 08:00:01,567 INFO [notification-service] Email service connected
2025-07-30 08:00:01,678 INFO [inventory-service] Redis cache connected
2025-07-30 08:00:02,123 INFO [auth-service] JWT secret loaded successfully
2025-07-30 08:00:02,234 INFO [api-gateway] Rate limiter configured: 1000 req/min
2025-07-30 08:00:02,345 DEBUG [user-service] Database migration check completed
2025-07-30 08:00:02,456 INFO [payment-service] Stripe webhook endpoint registered
2025-07-30 08:00:02,567 INFO [notification-service] SMS provider configured
2025-07-30 08:00:08,567 ERROR [payment-service] Database connection failed: Connection refused
2025-07-30 08:00:08,568 ERROR [payment-service] java.sql.SQLTransientConnectionException: Could not connect to database server

2025-07-30 08:00:08,678 WARN [api-gateway] Circuit breaker opened for payment-service
2025-07-30 08:00:08,789 ERROR [api-gateway] POST /api/v1/payments - 503 - Service Unavailable
2025-07-30 08:00:09,123 INFO [payment-service] Attempting database reconnection...
2025-07-30 08:00:09,234 INFO [payment-service] Database connection restored
2025-07-30 08:00:09,345 INFO [api-gateway] Circuit breaker closed for payment-service
2025-07-30 08:00:10,456 DEBUG [notification-service] Email queue size: 45 pending
2025-07-30 08:00:10,567 INFO [notification-service] Processing email batch: 10 emails
2025-07-30 08:00:11,678 ERROR [notification-service] SMTP connection timeout
2025-07-30 08:00:11,679 ERROR [notification-service] javax.mail.MessagingException: Could not connect to SMTP host: smtp.gmail.com, port: 587
2025-07-30 08:02:27,789 WARN [user-service] Profile update rejected, requesting refresh
2025-07-30 08:02:28,123 ERROR [api-gateway] PUT /api/v1/users/profile - 409 - Conflict
2025-07-30 08:02:29,234 INFO [notification-service] Newsletter campaign scheduled: Summer Sale 2025
2025-07-30 08:02:30,345 DEBUG [inventory-service] Product recommendation cache warming
2025-07-30 08:02:30,456 INFO [inventory-service] Recommendation cache updated: 50,000 product combinations
2025-07-30 08:02:31,567 ERROR [payment-service] Merchant account suspended
2025-07-30 08:02:31,568 ERROR [payment-service] Account suspension notice from payment processor
2025-07-30 08:02:31,569 ERROR [payment-service] Reason: Unusual chargeback activity threshold exceeded
2025-07-30 08:02:31,678 WARN [payment-service] All card payments suspended pending review
2025-07-30 08:02:32,789 INFO [notification-service] Urgent: merchant account issue escalated to management